# JRE version: Java(TM) SE Runtime Environment (8.0_51-b16) (build 1.8.0_51-b16)
# Java VM: Java HotSpot(TM) 64-Bit Server VM (25.51-b03 mixed mode bsd-amd64 compressed oops)
Heap:
 PSYoungGen      total 1358848K, used 307291K [0x000000076ab00000, 0x00000007bee00000, 0x00000007c0000000)
  eden space 1340416K, 22% used [0x000000076ab00000,0x000000077d41ed38,0x00000007bc800000)
  from space 18432K, 16% used [0x00000007bdc00000,0x00000007bdef8000,0x00000007bee00000)
  to   space 19456K, 0% used [0x00000007bc800000,0x00000007bc800000,0x00000007bdb00000)
 ParOldGen       total 175104K, used 24643K [0x00000006c0000000, 0x00000006cab00000, 0x000000076ab00000)
  object space 175104K, 14% used [0x00000006c0000000,0x00000006c1810c40,0x00000006cab00000)
 Metaspace       used 19163K, capacity 20362K, committed 20608K, reserved 1067008K
  class space    used 2607K, capacity 2890K, committed 2944K, reserved 1048576K
GC Heap History (10 events):
Event: 3.374 GC heap before
{Heap before GC invocations=8 (full 0):
 PSYoungGen      total 279040K, used 262304K [0x000000076ab00000, 0x000000078d000000, 0x00000007c0000000)
  eden space 262144K, 100% used [0x000000076ab00000,0x000000077ab00000,0x000000077ab00000)
  from space 16896K, 0% used [0x000000077ab00000,0x000000077ab28000,0x000000077bb80000)
  to   space 18944K, 0% used [0x000000078bd80000,0x000000078bd80000,0x000000078d000000)
 ParOldGen       total 175104K, used 23943K [0x00000006c0000000, 0x00000006cab00000, 0x000000076ab00000)
  object space 175104K, 13% used [0x00000006c0000000,0x00000006c1761c30,0x00000006cab00000)
 Metaspace       used 17221K, capacity 18392K, committed 18560K, reserved 1064960K
  class space    used 2439K, capacity 2677K, committed 2688K, reserved 1048576K
Event: 3.375 GC heap after
Heap after GC invocations=8 (full 0):
 PSYoungGen      total 542208K, used 384K [0x000000076ab00000, 0x000000078d200000, 0x00000007c0000000)
  eden space 523264K, 0% used [0x000000076ab00000,0x000000076ab00000,0x000000078aa00000)
  from space 18944K, 2% used [0x000000078bd80000,0x000000078bde0000,0x000000078d000000)
  to   space 19968K, 0% used [0x000000078aa00000,0x000000078aa00000,0x000000078bd80000)
 ParOldGen       total 175104K, used 24023K [0x00000006c0000000, 0x00000006cab00000, 0x000000076ab00000)
  object space 175104K, 13% used [0x00000006c0000000,0x00000006c1775c30,0x00000006cab00000)
 Metaspace       used 17221K, capacity 18392K, committed 18560K, reserved 1064960K
  class space    used 2439K, capacity 2677K, committed 2688K, reserved 1048576K
}
Event: 3.628 GC heap before
{Heap before GC invocations=9 (full 0):
 PSYoungGen      total 542208K, used 523648K [0x000000076ab00000, 0x000000078d200000, 0x00000007c0000000)
  eden space 523264K, 100% used [0x000000076ab00000,0x000000078aa00000,0x000000078aa00000)
  from space 18944K, 2% used [0x000000078bd80000,0x000000078bde0000,0x000000078d000000)
  to   space 19968K, 0% used [0x000000078aa00000,0x000000078aa00000,0x000000078bd80000)
 ParOldGen       total 175104K, used 24023K [0x00000006c0000000, 0x00000006cab00000, 0x000000076ab00000)
  object space 175104K, 13% used [0x00000006c0000000,0x00000006c1775c30,0x00000006cab00000)
 Metaspace       used 17223K, capacity 18392K, committed 18560K, reserved 1064960K
  class space    used 2439K, capacity 2677K, committed 2688K, reserved 1048576K
Event: 3.629 GC heap after
Heap after GC invocations=9 (full 0):
 PSYoungGen      total 543232K, used 416K [0x000000076ab00000, 0x00000007a0500000, 0x00000007c0000000)
  eden space 523264K, 0% used [0x000000076ab00000,0x000000076ab00000,0x000000078aa00000)
  from space 19968K, 2% used [0x000000078aa00000,0x000000078aa68000,0x000000078bd80000)
  to   space 20480K, 0% used [0x000000079f100000,0x000000079f100000,0x00000007a0500000)
 ParOldGen       total 175104K, used 24087K [0x00000006c0000000, 0x00000006cab00000, 0x000000076ab00000)
  object space 175104K, 13% used [0x00000006c0000000,0x00000006c1785c30,0x00000006cab00000)
 Metaspace       used 17223K, capacity 18392K, committed 18560K, reserved 1064960K
  class space    used 2439K, capacity 2677K, committed 2688K, reserved 1048576K
}
Event: 3.788 GC heap before
{Heap before GC invocations=10 (full 0):
 PSYoungGen      total 543232K, used 523680K [0x000000076ab00000, 0x00000007a0500000, 0x00000007c0000000)
  eden space 523264K, 100% used [0x000000076ab00000,0x000000078aa00000,0x000000078aa00000)
  from space 19968K, 2% used [0x000000078aa00000,0x000000078aa68000,0x000000078bd80000)
  to   space 20480K, 0% used [0x000000079f100000,0x000000079f100000,0x00000007a0500000)
 ParOldGen       total 175104K, used 24087K [0x00000006c0000000, 0x00000006cab00000, 0x000000076ab00000)
  object space 175104K, 13% used [0x00000006c0000000,0x00000006c1785c30,0x00000006cab00000)
 Metaspace       used 17223K, capacity 18392K, committed 18560K, reserved 1064960K
  class space    used 2439K, capacity 2677K, committed 2688K, reserved 1048576K
Event: 3.789 GC heap after
Heap after GC invocations=10 (full 0):
 PSYoungGen      total 858112K, used 320K [0x000000076ab00000, 0x00000007a0500000, 0x00000007c0000000)
  eden space 837632K, 0% used [0x000000076ab00000,0x000000076ab00000,0x000000079dd00000)
  from space 20480K, 1% used [0x000000079f100000,0x000000079f150000,0x00000007a0500000)
  to   space 20480K, 0% used [0x000000079dd00000,0x000000079dd00000,0x000000079f100000)
 ParOldGen       total 175104K, used 24303K [0x00000006c0000000, 0x00000006cab00000, 0x000000076ab00000)
  object space 175104K, 13% used [0x00000006c0000000,0x00000006c17bbc30,0x00000006cab00000)
 Metaspace       used 17223K, capacity 18392K, committed 18560K, reserved 1064960K
  class space    used 2439K, capacity 2677K, committed 2688K, reserved 1048576K
}
Event: 4.166 GC heap before
{Heap before GC invocations=11 (full 0):
 PSYoungGen      total 858112K, used 837952K [0x000000076ab00000, 0x00000007a0500000, 0x00000007c0000000)
  eden space 837632K, 100% used [0x000000076ab00000,0x000000079dd00000,0x000000079dd00000)
  from space 20480K, 1% used [0x000000079f100000,0x000000079f150000,0x00000007a0500000)
  to   space 20480K, 0% used [0x000000079dd00000,0x000000079dd00000,0x000000079f100000)
 ParOldGen       total 175104K, used 24303K [0x00000006c0000000, 0x00000006cab00000, 0x000000076ab00000)
  object space 175104K, 13% used [0x00000006c0000000,0x00000006c17bbc30,0x00000006cab00000)
 Metaspace       used 17223K, capacity 18392K, committed 18560K, reserved 1064960K
  class space    used 2439K, capacity 2677K, committed 2688K, reserved 1048576K
Event: 4.167 GC heap after
Heap after GC invocations=11 (full 0):
 PSYoungGen      total 858112K, used 192K [0x000000076ab00000, 0x00000007bf000000, 0x00000007c0000000)
  eden space 837632K, 0% used [0x000000076ab00000,0x000000076ab00000,0x000000079dd00000)
  from space 20480K, 0% used [0x000000079dd00000,0x000000079dd30000,0x000000079f100000)
  to   space 20480K, 0% used [0x00000007bdc00000,0x00000007bdc00000,0x00000007bf000000)
 ParOldGen       total 175104K, used 24487K [0x00000006c0000000, 0x00000006cab00000, 0x000000076ab00000)
  object space 175104K, 13% used [0x00000006c0000000,0x00000006c17e9c30,0x00000006cab00000)
 Metaspace       used 17223K, capacity 18392K, committed 18560K, reserved 1064960K
  class space    used 2439K, capacity 2677K, committed 2688K, reserved 1048576K
}
Event: 15.802 GC heap before
{Heap before GC invocations=12 (full 0):
 PSYoungGen      total 858112K, used 837824K [0x000000076ab00000, 0x00000007bf000000, 0x00000007c0000000)
  eden space 837632K, 100% used [0x000000076ab00000,0x000000079dd00000,0x000000079dd00000)
  from space 20480K, 0% used [0x000000079dd00000,0x000000079dd30000,0x000000079f100000)
  to   space 20480K, 0% used [0x00000007bdc00000,0x00000007bdc00000,0x00000007bf000000)
 ParOldGen       total 175104K, used 24487K [0x00000006c0000000, 0x00000006cab00000, 0x000000076ab00000)
  object space 175104K, 13% used [0x00000006c0000000,0x00000006c17e9c30,0x00000006cab00000)
 Metaspace       used 18609K, capacity 19806K, committed 19840K, reserved 1067008K
  class space    used 2455K, capacity 2688K, committed 2688K, reserved 1048576K
Event: 15.804 GC heap after
Heap after GC invocations=12 (full 0):
 PSYoungGen      total 1358848K, used 3040K [0x000000076ab00000, 0x00000007bee00000, 0x00000007c0000000)
  eden space 1340416K, 0% used [0x000000076ab00000,0x000000076ab00000,0x00000007bc800000)
  from space 18432K, 16% used [0x00000007bdc00000,0x00000007bdef8000,0x00000007bee00000)
  to   space 19456K, 0% used [0x00000007bc800000,0x00000007bc800000,0x00000007bdb00000)
 ParOldGen       total 175104K, used 24643K [0x00000006c0000000, 0x00000006cab00000, 0x000000076ab00000)
  object space 175104K, 14% used [0x00000006c0000000,0x00000006c1810c40,0x00000006cab00000)
 Metaspace       used 18609K, capacity 19806K, committed 19840K, reserved 1067008K
  class space    used 2455K, capacity 2688K, committed 2688K, reserved 1048576K
}

