# JRE version: Java(TM) SE Runtime Environment (8.0_51-b16) (build 1.8.0_51-b16)
# Java VM: Java HotSpot(TM) 64-Bit Server VM (25.51-b03 mixed mode bsd-amd64 compressed oops)
Heap:
 PSYoungGen      total 1360384K, used 320270K [0x000000076ab00000, 0x00000007bef00000, 0x00000007c0000000)
  eden space 1341440K, 23% used [0x000000076ab00000,0x000000077e0cbb88,0x00000007bc900000)
  from space 18944K, 16% used [0x00000007bdc80000,0x00000007bdf78000,0x00000007bef00000)
  to   space 19456K, 0% used [0x00000007bc900000,0x00000007bc900000,0x00000007bdc00000)
 ParOldGen       total 175104K, used 24643K [0x00000006c0000000, 0x00000006cab00000, 0x000000076ab00000)
  object space 175104K, 14% used [0x00000006c0000000,0x00000006c1810c40,0x00000006cab00000)
 Metaspace       used 19132K, capacity 20306K, committed 20608K, reserved 1067008K
  class space    used 2601K, capacity 2848K, committed 2944K, reserved 1048576K
GC Heap History (10 events):
Event: 3.379 GC heap before
{Heap before GC invocations=8 (full 0):
 PSYoungGen      total 279040K, used 262368K [0x000000076ab00000, 0x000000078d000000, 0x00000007c0000000)
  eden space 262144K, 100% used [0x000000076ab00000,0x000000077ab00000,0x000000077ab00000)
  from space 16896K, 1% used [0x000000077ab00000,0x000000077ab38000,0x000000077bb80000)
  to   space 18944K, 0% used [0x000000078bd80000,0x000000078bd80000,0x000000078d000000)
 ParOldGen       total 175104K, used 23911K [0x00000006c0000000, 0x00000006cab00000, 0x000000076ab00000)
  object space 175104K, 13% used [0x00000006c0000000,0x00000006c1759c30,0x00000006cab00000)
 Metaspace       used 17139K, capacity 18304K, committed 18560K, reserved 1064960K
  class space    used 2434K, capacity 2667K, committed 2688K, reserved 1048576K
Event: 3.379 GC heap after
Heap after GC invocations=8 (full 0):
 PSYoungGen      total 542720K, used 384K [0x000000076ab00000, 0x000000078d100000, 0x00000007c0000000)
  eden space 523776K, 0% used [0x000000076ab00000,0x000000076ab00000,0x000000078aa80000)
  from space 18944K, 2% used [0x000000078bd80000,0x000000078bde0000,0x000000078d000000)
  to   space 19456K, 0% used [0x000000078aa80000,0x000000078aa80000,0x000000078bd80000)
 ParOldGen       total 175104K, used 23991K [0x00000006c0000000, 0x00000006cab00000, 0x000000076ab00000)
  object space 175104K, 13% used [0x00000006c0000000,0x00000006c176dc30,0x00000006cab00000)
 Metaspace       used 17139K, capacity 18304K, committed 18560K, reserved 1064960K
  class space    used 2434K, capacity 2667K, committed 2688K, reserved 1048576K
}
Event: 3.631 GC heap before
{Heap before GC invocations=9 (full 0):
 PSYoungGen      total 542720K, used 524160K [0x000000076ab00000, 0x000000078d100000, 0x00000007c0000000)
  eden space 523776K, 100% used [0x000000076ab00000,0x000000078aa80000,0x000000078aa80000)
  from space 18944K, 2% used [0x000000078bd80000,0x000000078bde0000,0x000000078d000000)
  to   space 19456K, 0% used [0x000000078aa80000,0x000000078aa80000,0x000000078bd80000)
 ParOldGen       total 175104K, used 23991K [0x00000006c0000000, 0x00000006cab00000, 0x000000076ab00000)
  object space 175104K, 13% used [0x00000006c0000000,0x00000006c176dc30,0x00000006cab00000)
 Metaspace       used 17141K, capacity 18304K, committed 18560K, reserved 1064960K
  class space    used 2434K, capacity 2667K, committed 2688K, reserved 1048576K
Event: 3.632 GC heap after
Heap after GC invocations=9 (full 0):
 PSYoungGen      total 543232K, used 416K [0x000000076ab00000, 0x00000007a0480000, 0x00000007c0000000)
  eden space 523776K, 0% used [0x000000076ab00000,0x000000076ab00000,0x000000078aa80000)
  from space 19456K, 2% used [0x000000078aa80000,0x000000078aae8000,0x000000078bd80000)
  to   space 19968K, 0% used [0x000000079f100000,0x000000079f100000,0x00000007a0480000)
 ParOldGen       total 175104K, used 24063K [0x00000006c0000000, 0x00000006cab00000, 0x000000076ab00000)
  object space 175104K, 13% used [0x00000006c0000000,0x00000006c177fc30,0x00000006cab00000)
 Metaspace       used 17141K, capacity 18304K, committed 18560K, reserved 1064960K
  class space    used 2434K, capacity 2667K, committed 2688K, reserved 1048576K
}
Event: 3.778 GC heap before
{Heap before GC invocations=10 (full 0):
 PSYoungGen      total 543232K, used 524192K [0x000000076ab00000, 0x00000007a0480000, 0x00000007c0000000)
  eden space 523776K, 100% used [0x000000076ab00000,0x000000078aa80000,0x000000078aa80000)
  from space 19456K, 2% used [0x000000078aa80000,0x000000078aae8000,0x000000078bd80000)
  to   space 19968K, 0% used [0x000000079f100000,0x000000079f100000,0x00000007a0480000)
 ParOldGen       total 175104K, used 24063K [0x00000006c0000000, 0x00000006cab00000, 0x000000076ab00000)
  object space 175104K, 13% used [0x00000006c0000000,0x00000006c177fc30,0x00000006cab00000)
 Metaspace       used 17141K, capacity 18304K, committed 18560K, reserved 1064960K
  class space    used 2434K, capacity 2667K, committed 2688K, reserved 1048576K
Event: 3.779 GC heap after
Heap after GC invocations=10 (full 0):
 PSYoungGen      total 858112K, used 288K [0x000000076ab00000, 0x00000007a0480000, 0x00000007c0000000)
  eden space 838144K, 0% used [0x000000076ab00000,0x000000076ab00000,0x000000079dd80000)
  from space 19968K, 1% used [0x000000079f100000,0x000000079f148000,0x00000007a0480000)
  to   space 19968K, 0% used [0x000000079dd80000,0x000000079dd80000,0x000000079f100000)
 ParOldGen       total 175104K, used 24271K [0x00000006c0000000, 0x00000006cab00000, 0x000000076ab00000)
  object space 175104K, 13% used [0x00000006c0000000,0x00000006c17b3c30,0x00000006cab00000)
 Metaspace       used 17141K, capacity 18304K, committed 18560K, reserved 1064960K
  class space    used 2434K, capacity 2667K, committed 2688K, reserved 1048576K
}
Event: 4.142 GC heap before
{Heap before GC invocations=11 (full 0):
 PSYoungGen      total 858112K, used 838432K [0x000000076ab00000, 0x00000007a0480000, 0x00000007c0000000)
  eden space 838144K, 100% used [0x000000076ab00000,0x000000079dd80000,0x000000079dd80000)
  from space 19968K, 1% used [0x000000079f100000,0x000000079f148000,0x00000007a0480000)
  to   space 19968K, 0% used [0x000000079dd80000,0x000000079dd80000,0x000000079f100000)
 ParOldGen       total 175104K, used 24271K [0x00000006c0000000, 0x00000006cab00000, 0x000000076ab00000)
  object space 175104K, 13% used [0x00000006c0000000,0x00000006c17b3c30,0x00000006cab00000)
 Metaspace       used 17142K, capacity 18304K, committed 18560K, reserved 1064960K
  class space    used 2434K, capacity 2667K, committed 2688K, reserved 1048576K
Event: 4.143 GC heap after
Heap after GC invocations=11 (full 0):
 PSYoungGen      total 858112K, used 224K [0x000000076ab00000, 0x00000007bf000000, 0x00000007c0000000)
  eden space 838144K, 0% used [0x000000076ab00000,0x000000076ab00000,0x000000079dd80000)
  from space 19968K, 1% used [0x000000079dd80000,0x000000079ddb8000,0x000000079f100000)
  to   space 19968K, 0% used [0x00000007bdc80000,0x00000007bdc80000,0x00000007bf000000)
 ParOldGen       total 175104K, used 24479K [0x00000006c0000000, 0x00000006cab00000, 0x000000076ab00000)
  object space 175104K, 13% used [0x00000006c0000000,0x00000006c17e7c30,0x00000006cab00000)
 Metaspace       used 17142K, capacity 18304K, committed 18560K, reserved 1064960K
  class space    used 2434K, capacity 2667K, committed 2688K, reserved 1048576K
}
Event: 18.430 GC heap before
{Heap before GC invocations=12 (full 0):
 PSYoungGen      total 858112K, used 838368K [0x000000076ab00000, 0x00000007bf000000, 0x00000007c0000000)
  eden space 838144K, 100% used [0x000000076ab00000,0x000000079dd80000,0x000000079dd80000)
  from space 19968K, 1% used [0x000000079dd80000,0x000000079ddb8000,0x000000079f100000)
  to   space 19968K, 0% used [0x00000007bdc80000,0x00000007bdc80000,0x00000007bf000000)
 ParOldGen       total 175104K, used 24479K [0x00000006c0000000, 0x00000006cab00000, 0x000000076ab00000)
  object space 175104K, 13% used [0x00000006c0000000,0x00000006c17e7c30,0x00000006cab00000)
 Metaspace       used 18599K, capacity 19782K, committed 19840K, reserved 1067008K
  class space    used 2450K, capacity 2678K, committed 2688K, reserved 1048576K
Event: 18.432 GC heap after
Heap after GC invocations=12 (full 0):
 PSYoungGen      total 1360384K, used 3040K [0x000000076ab00000, 0x00000007bef00000, 0x00000007c0000000)
  eden space 1341440K, 0% used [0x000000076ab00000,0x000000076ab00000,0x00000007bc900000)
  from space 18944K, 16% used [0x00000007bdc80000,0x00000007bdf78000,0x00000007bef00000)
  to   space 19456K, 0% used [0x00000007bc900000,0x00000007bc900000,0x00000007bdc00000)
 ParOldGen       total 175104K, used 24643K [0x00000006c0000000, 0x00000006cab00000, 0x000000076ab00000)
  object space 175104K, 14% used [0x00000006c0000000,0x00000006c1810c40,0x00000006cab00000)
 Metaspace       used 18599K, capacity 19782K, committed 19840K, reserved 1067008K
  class space    used 2450K, capacity 2678K, committed 2688K, reserved 1048576K
}

